<?xml version="1.0" encoding="UTF-8"?>
<!-- Generated by org.testng.reporters.JUnitXMLReporter -->
<testsuite ignored="0" hostname="DESKTOP-K35V0F0" failures="0" tests="6" name="Default test" time="12.898" errors="0" timestamp="2024-07-14T17:01:39 IST">
  <testcase classname="getMethodSample.GetMethodDemo" name="checkGetQueryParam" time="6.674"/>
  <testcase classname="getMethodSample.GetMethodDemo" name="checkGetRequestwithresponse" time="1.573"/>
  <testcase classname="getMethodSample.GetMethodDemo" name="checkGetpathParam" time="2.133"/>
  <testcase classname="getMethodSample.GetMethodDemo" name="checkPostmethod" time="0.207"/>
  <testcase classname="getMethodSample.GetMethodDemo" name="checkgetRequest" time="1.277"/>
  <testcase classname="getMethodSample.GetMethodDemo" name="dataProvidersDemo" time="0.849"/>
</testsuite> <!-- Default test -->
