<?xml version="1.0" encoding="UTF-8"?>
<testng-results ignored="0" total="6" passed="6" failed="0" skipped="0">
  <reporter-output>
  </reporter-output>
  <suite started-at="2024-07-14T17:01:26 IST" name="Default suite" finished-at="2024-07-14T17:01:39 IST" duration-ms="12898">
    <groups>
    </groups>
    <test started-at="2024-07-14T17:01:26 IST" name="Default test" finished-at="2024-07-14T17:01:39 IST" duration-ms="12898">
      <class name="getMethodSample.GetMethodDemo">
        <test-method signature="checkGetQueryParam()[pri:0, instance:getMethodSample.GetMethodDemo@29d89d5d]" started-at="2024-07-14T17:01:26 IST" name="checkGetQueryParam" finished-at="2024-07-14T17:01:33 IST" duration-ms="6674" status="PASS">
          <reporter-output>
          </reporter-output>
        </test-method> <!-- checkGetQueryParam -->
        <test-method signature="checkGetRequestwithresponse()[pri:0, instance:getMethodSample.GetMethodDemo@29d89d5d]" started-at="2024-07-14T17:01:33 IST" name="checkGetRequestwithresponse" finished-at="2024-07-14T17:01:35 IST" duration-ms="1573" status="PASS">
          <reporter-output>
          </reporter-output>
        </test-method> <!-- checkGetRequestwithresponse -->
        <test-method signature="checkGetpathParam()[pri:0, instance:getMethodSample.GetMethodDemo@29d89d5d]" started-at="2024-07-14T17:01:35 IST" name="checkGetpathParam" finished-at="2024-07-14T17:01:37 IST" duration-ms="2133" status="PASS">
          <reporter-output>
          </reporter-output>
        </test-method> <!-- checkGetpathParam -->
        <test-method signature="checkPostmethod()[pri:0, instance:getMethodSample.GetMethodDemo@29d89d5d]" started-at="2024-07-14T17:01:37 IST" name="checkPostmethod" finished-at="2024-07-14T17:01:37 IST" duration-ms="207" status="PASS">
          <reporter-output>
          </reporter-output>
        </test-method> <!-- checkPostmethod -->
        <test-method signature="checkgetRequest()[pri:0, instance:getMethodSample.GetMethodDemo@29d89d5d]" started-at="2024-07-14T17:01:37 IST" name="checkgetRequest" finished-at="2024-07-14T17:01:38 IST" duration-ms="1277" status="PASS">
          <reporter-output>
          </reporter-output>
        </test-method> <!-- checkgetRequest -->
        <test-method signature="dataProvidersDemo(java.lang.String,java.lang.String)[pri:0, instance:getMethodSample.GetMethodDemo@29d89d5d]" started-at="2024-07-14T17:01:38 IST" name="dataProvidersDemo" data-provider="testdata" finished-at="2024-07-14T17:01:39 IST" duration-ms="849" status="PASS">
          <params>
            <param index="0">
              <value>
                <![CDATA[894c3ef91e5df4ea2862b5dbfe96e45b]]>
              </value>
            </param>
            <param index="1">
              <value>
                <![CDATA[qaclick123]]>
              </value>
            </param>
          </params>
          <reporter-output>
          </reporter-output>
        </test-method> <!-- dataProvidersDemo -->
      </class> <!-- getMethodSample.GetMethodDemo -->
    </test> <!-- Default test -->
  </suite> <!-- Default suite -->
</testng-results>
